#! /usr/bin/vvp
:ivl_version "11.0 (stable)";
:ivl_delay_selection "TYPICAL";
:vpi_time_precision - 12;
:vpi_module "/usr/lib/x86_64-linux-gnu/ivl/system.vpi";
:vpi_module "/usr/lib/x86_64-linux-gnu/ivl/vhdl_sys.vpi";
:vpi_module "/usr/lib/x86_64-linux-gnu/ivl/vhdl_textio.vpi";
:vpi_module "/usr/lib/x86_64-linux-gnu/ivl/v2005_math.vpi";
:vpi_module "/usr/lib/x86_64-linux-gnu/ivl/va_math.vpi";
:vpi_module "/usr/lib/x86_64-linux-gnu/ivl/v2009.vpi";
S_0x5ae966c45400 .scope package, "$unit" "$unit" 2 1;
 .timescale 0 0;
S_0x5ae966be3cf0 .scope module, "npu_sequencer" "npu_sequencer" 3 95;
 .timescale -9 -12;
    .port_info 0 /INPUT 1 "clk";
    .port_info 1 /INPUT 1 "rst_n";
    .port_info 2 /INPUT 1 "start";
    .port_info 3 /INPUT 2 "mode";
    .port_info 4 /INPUT 32 "total_rows";
    .port_info 5 /OUTPUT 1 "busy";
    .port_info 6 /OUTPUT 1 "done";
    .port_info 7 /INPUT 32 "dma_data_in";
    .port_info 8 /INPUT 1 "dma_data_in_valid";
    .port_info 9 /OUTPUT 1 "dma_data_in_ready";
    .port_info 10 /OUTPUT 32 "dma_data_out";
    .port_info 11 /OUTPUT 1 "dma_data_out_valid";
    .port_info 12 /INPUT 1 "dma_data_out_ready";
    .port_info 13 /OUTPUT 1 "core_load_weight";
    .port_info 14 /OUTPUT 8 "core_valid_in";
    .port_info 15 /OUTPUT 64 "core_x_in";
    .port_info 16 /OUTPUT 256 "core_y_in";
    .port_info 17 /INPUT 256 "core_y_out";
    .port_info 18 /INPUT 8 "core_valid_out";
P_0x5ae966be3e80 .param/l "ACC_WIDTH" 0 3 98, +C4<00000000000000000000000000100000>;
P_0x5ae966be3ec0 .param/l "DATA_WIDTH" 0 3 97, +C4<00000000000000000000000000001000>;
P_0x5ae966be3f00 .param/l "D_IDLE" 1 3 190, +C4<00000000000000000000000000000000>;
P_0x5ae966be3f40 .param/l "D_RUN" 1 3 190, +C4<00000000000000000000000000000001>;
P_0x5ae966be3f80 .param/l "D_UNPACK" 1 3 190, +C4<00000000000000000000000000000010>;
P_0x5ae966be3fc0 .param/l "F_BEAT0" 1 3 152, +C4<00000000000000000000000000000001>;
P_0x5ae966be4000 .param/l "F_BEAT1" 1 3 152, +C4<00000000000000000000000000000010>;
P_0x5ae966be4040 .param/l "F_IDLE" 1 3 152, +C4<00000000000000000000000000000000>;
P_0x5ae966be4080 .param/l "F_WAIT" 1 3 152, +C4<00000000000000000000000000000011>;
P_0x5ae966be40c0 .param/l "N" 0 3 96, +C4<00000000000000000000000000001000>;
L_0x5ae966c43540 .functor AND 1, L_0x5ae966c81700, L_0x5ae966c81840, C4<1>, C4<1>;
L_0x7794d5556378 .functor BUFT 1, C4<00000000000000000000000000000010>, C4<0>, C4<0>, C4<0>;
v0x5ae966c6de20_0 .net/2u *"_ivl_10", 31 0, L_0x7794d5556378;  1 drivers
v0x5ae966c6df20_0 .net *"_ivl_12", 0 0, L_0x5ae966c81700;  1 drivers
v0x5ae966c6dfe0_0 .net *"_ivl_15", 0 0, L_0x5ae966c81840;  1 drivers
v0x5ae966c6e0b0_0 .net *"_ivl_6", 31 0, L_0x5ae966c81610;  1 drivers
L_0x7794d5556330 .functor BUFT 1, C4<00000000000000000000000000000>, C4<0>, C4<0>, C4<0>;
v0x5ae966c6e190_0 .net *"_ivl_9", 28 0, L_0x7794d5556330;  1 drivers
v0x5ae966c6e270_0 .var "busy", 0 0;
o0x7794d559f1c8 .functor BUFZ 1, C4<z>; HiZ drive
v0x5ae966c6e330_0 .net "clk", 0 0, o0x7794d559f1c8;  0 drivers
v0x5ae966c6e420_0 .var "core_load_weight", 0 0;
v0x5ae966c6e4e0_0 .var "core_valid_in", 7 0;
o0x7794d559fc48 .functor BUFZ 8, C4<zzzzzzzz>; HiZ drive
v0x5ae966c6e5c0_0 .net "core_valid_out", 7 0, o0x7794d559fc48;  0 drivers
v0x5ae966c6e6a0_0 .var "core_x_in", 63 0;
L_0x7794d5556018 .functor BUFT 1, C4<0000000000000000000000000000000000000000000000000000000000000000000000000000000000000000000000000000000000000000000000000000000000000000000000000000000000000000000000000000000000000000000000000000000000000000000000000000000000000000000000000000000000000000>, C4<0>, C4<0>, C4<0>;
v0x5ae966c6e780_0 .net "core_y_in", 255 0, L_0x7794d5556018;  1 drivers
o0x7794d559f768 .functor BUFZ 256, C4<zzzzzzzzzzzzzzzzzzzzzzzzzzzzzzzzzzzzzzzzzzzzzzzzzzzzzzzzzzzzzzzzzzzzzzzzzzzzzzzzzzzzzzzzzzzzzzzzzzzzzzzzzzzzzzzzzzzzzzzzzzzzzzzzzzzzzzzzzzzzzzzzzzzzzzzzzzzzzzzzzzzzzzzzzzzzzzzzzzzzzzzzzzzzzzzzzzzzzzzzzzzzzzzzzzzzzzzzzzzzzzzzzzzzzzzzzzzzzzzzzzzzzzzzzzzzzzzz>; HiZ drive
v0x5ae966c6e860_0 .net "core_y_out", 255 0, o0x7794d559f768;  0 drivers
v0x5ae966c6e920_0 .var "d_state", 1 0;
o0x7794d559f228 .functor BUFZ 32, C4<zzzzzzzzzzzzzzzzzzzzzzzzzzzzzzzz>; HiZ drive
v0x5ae966c6e9e0_0 .net "dma_data_in", 31 0, o0x7794d559f228;  0 drivers
v0x5ae966c6eaa0_0 .net "dma_data_in_ready", 0 0, L_0x5ae966c80570;  1 drivers
o0x7794d559f288 .functor BUFZ 1, C4<z>; HiZ drive
v0x5ae966c6eb70_0 .net "dma_data_in_valid", 0 0, o0x7794d559f288;  0 drivers
v0x5ae966c6ed50_0 .var "dma_data_out", 31 0;
o0x7794d559fd38 .functor BUFZ 1, C4<z>; HiZ drive
v0x5ae966c6edf0_0 .net "dma_data_out_ready", 0 0, o0x7794d559fd38;  0 drivers
v0x5ae966c6ee90_0 .var "dma_data_out_valid", 0 0;
v0x5ae966c6ef50_0 .var "done", 0 0;
v0x5ae966c6f010_0 .var "done_cnt", 7 0;
v0x5ae966c6f0f0_0 .var "f_state", 2 0;
v0x5ae966c6f1d0_0 .net "in_fifo_dout", 31 0, L_0x5ae966c48890;  1 drivers
v0x5ae966c6f2c0_0 .net "in_fifo_empty", 0 0, L_0x5ae966c80890;  1 drivers
v0x5ae966c6f390_0 .var "in_fifo_rd", 0 0;
v0x5ae966c6f460_0 .net "inf_rd_internal", 0 0, L_0x5ae966c43540;  1 drivers
o0x7794d559fe58 .functor BUFZ 2, C4<zz>; HiZ drive
v0x5ae966c6f500_0 .net "mode", 1 0, o0x7794d559fe58;  0 drivers
v0x5ae966c6f5a0_0 .net "res_fifo_count", 5 0, v0x5ae966c6d260_0;  1 drivers
v0x5ae966c6f690_0 .net "res_fifo_dout", 255 0, L_0x5ae966c4b930;  1 drivers
v0x5ae966c6f760_0 .net "res_fifo_empty", 0 0, L_0x5ae966c81080;  1 drivers
v0x5ae966c6f830_0 .var "res_fifo_rd", 0 0;
v0x5ae966c6f900_0 .var "rows_drained", 31 0;
v0x5ae966c6fbb0_0 .var "rows_fed", 31 0;
o0x7794d559f3a8 .functor BUFZ 1, C4<z>; HiZ drive
v0x5ae966c6fc70_0 .net "rst_n", 0 0, o0x7794d559f3a8;  0 drivers
v0x5ae966c6fd10_0 .var "saved_low", 31 0;
o0x7794d559ff18 .functor BUFZ 1, C4<z>; HiZ drive
v0x5ae966c6fdf0_0 .net "start", 0 0, o0x7794d559ff18;  0 drivers
v0x5ae966c6feb0_0 .var "sub_cnt", 3 0;
o0x7794d559ff78 .functor BUFZ 32, C4<zzzzzzzzzzzzzzzzzzzzzzzzzzzzzzzz>; HiZ drive
v0x5ae966c6ff90_0 .net "total_rows", 31 0, o0x7794d559ff78;  0 drivers
v0x5ae966c70070_0 .net "wr_en_internal", 0 0, L_0x5ae966c81520;  1 drivers
E_0x5ae966c24560 .event posedge, v0x5ae966c6b930_0;
L_0x5ae966c81480 .reduce/and o0x7794d559fc48;
L_0x5ae966c81520 .reduce/and o0x7794d559fc48;
L_0x5ae966c81610 .concat [ 3 29 0 0], v0x5ae966c6f0f0_0, L_0x7794d5556330;
L_0x5ae966c81700 .cmp/eq 32, L_0x5ae966c81610, L_0x7794d5556378;
L_0x5ae966c81840 .reduce/nor L_0x5ae966c80890;
S_0x5ae966c2b270 .scope module, "inf" "npu_in_fifo" 3 134, 3 52 0, S_0x5ae966be3cf0;
 .timescale -9 -12;
    .port_info 0 /INPUT 1 "clk";
    .port_info 1 /INPUT 1 "rst_n";
    .port_info 2 /INPUT 32 "din";
    .port_info 3 /INPUT 1 "din_valid";
    .port_info 4 /OUTPUT 1 "din_ready";
    .port_info 5 /OUTPUT 32 "dout";
    .port_info 6 /INPUT 1 "rd_en";
    .port_info 7 /OUTPUT 1 "empty";
L_0x5ae966c48890 .functor BUFZ 32, L_0x5ae966c80a50, C4<00000000000000000000000000000000>, C4<00000000000000000000000000000000>, C4<00000000000000000000000000000000>;
v0x5ae966c48ac0_0 .net *"_ivl_0", 31 0, L_0x5ae966c48a20;  1 drivers
L_0x7794d55560f0 .functor BUFT 1, C4<0000000000000000000000000000>, C4<0>, C4<0>, C4<0>;
v0x5ae966c4ba40_0 .net *"_ivl_11", 27 0, L_0x7794d55560f0;  1 drivers
L_0x7794d5556138 .functor BUFT 1, C4<00000000000000000000000000000000>, C4<0>, C4<0>, C4<0>;
v0x5ae966c4bae0_0 .net/2u *"_ivl_12", 31 0, L_0x7794d5556138;  1 drivers
v0x5ae966c436e0_0 .net *"_ivl_16", 31 0, L_0x5ae966c80a50;  1 drivers
v0x5ae966c43780_0 .net *"_ivl_18", 4 0, L_0x5ae966c80af0;  1 drivers
L_0x7794d5556180 .functor BUFT 1, C4<00>, C4<0>, C4<0>, C4<0>;
v0x5ae966c305b0_0 .net *"_ivl_21", 1 0, L_0x7794d5556180;  1 drivers
L_0x7794d5556060 .functor BUFT 1, C4<0000000000000000000000000000>, C4<0>, C4<0>, C4<0>;
v0x5ae966c6b690_0 .net *"_ivl_3", 27 0, L_0x7794d5556060;  1 drivers
L_0x7794d55560a8 .functor BUFT 1, C4<00000000000000000000000000001000>, C4<0>, C4<0>, C4<0>;
v0x5ae966c6b770_0 .net/2u *"_ivl_4", 31 0, L_0x7794d55560a8;  1 drivers
v0x5ae966c6b850_0 .net *"_ivl_8", 31 0, L_0x5ae966c80700;  1 drivers
v0x5ae966c6b930_0 .net "clk", 0 0, o0x7794d559f1c8;  alias, 0 drivers
v0x5ae966c6b9f0_0 .var "count", 3 0;
v0x5ae966c6bad0_0 .net "din", 31 0, o0x7794d559f228;  alias, 0 drivers
v0x5ae966c6bbb0_0 .net "din_ready", 0 0, L_0x5ae966c80570;  alias, 1 drivers
v0x5ae966c6bc70_0 .net "din_valid", 0 0, o0x7794d559f288;  alias, 0 drivers
v0x5ae966c6bd30_0 .net "dout", 31 0, L_0x5ae966c48890;  alias, 1 drivers
v0x5ae966c6be10_0 .net "empty", 0 0, L_0x5ae966c80890;  alias, 1 drivers
v0x5ae966c6bed0_0 .var/i "i", 31 0;
v0x5ae966c6bfb0 .array "ram", 7 0, 31 0;
v0x5ae966c6c070_0 .net "rd_en", 0 0, v0x5ae966c6f390_0;  1 drivers
v0x5ae966c6c130_0 .var "rd_ptr", 2 0;
v0x5ae966c6c210_0 .net "rst_n", 0 0, o0x7794d559f3a8;  alias, 0 drivers
v0x5ae966c6c2d0_0 .var "wr_ptr", 2 0;
E_0x5ae966c25fd0/0 .event negedge, v0x5ae966c6c210_0;
E_0x5ae966c25fd0/1 .event posedge, v0x5ae966c6b930_0;
E_0x5ae966c25fd0 .event/or E_0x5ae966c25fd0/0, E_0x5ae966c25fd0/1;
L_0x5ae966c48a20 .concat [ 4 28 0 0], v0x5ae966c6b9f0_0, L_0x7794d5556060;
L_0x5ae966c80570 .cmp/gt 32, L_0x7794d55560a8, L_0x5ae966c48a20;
L_0x5ae966c80700 .concat [ 4 28 0 0], v0x5ae966c6b9f0_0, L_0x7794d55560f0;
L_0x5ae966c80890 .cmp/eq 32, L_0x5ae966c80700, L_0x7794d5556138;
L_0x5ae966c80a50 .array/port v0x5ae966c6bfb0, L_0x5ae966c80af0;
L_0x5ae966c80af0 .concat [ 3 2 0 0], v0x5ae966c6c130_0, L_0x7794d5556180;
S_0x5ae966c6c4b0 .scope module, "outf" "npu_res_fifo" 3 144, 3 4 0, S_0x5ae966be3cf0;
 .timescale -9 -12;
    .port_info 0 /INPUT 1 "clk";
    .port_info 1 /INPUT 1 "rst_n";
    .port_info 2 /INPUT 256 "din";
    .port_info 3 /INPUT 1 "wr_en";
    .port_info 4 /INPUT 1 "rd_en";
    .port_info 5 /OUTPUT 256 "dout";
    .port_info 6 /OUTPUT 1 "full";
    .port_info 7 /OUTPUT 1 "empty";
    .port_info 8 /OUTPUT 6 "count";
P_0x5ae966c6c660 .param/l "ADDR_W" 0 3 7, +C4<00000000000000000000000000000101>;
P_0x5ae966c6c6a0 .param/l "DEPTH" 0 3 6, +C4<00000000000000000000000000100000>;
P_0x5ae966c6c6e0 .param/l "WIDTH" 0 3 5, +C4<00000000000000000000000100000000>;
L_0x5ae966c4b930 .functor BUFZ 256, L_0x5ae966c811c0, C4<0000000000000000000000000000000000000000000000000000000000000000000000000000000000000000000000000000000000000000000000000000000000000000000000000000000000000000000000000000000000000000000000000000000000000000000000000000000000000000000000000000000000000000>, C4<0000000000000000000000000000000000000000000000000000000000000000000000000000000000000000000000000000000000000000000000000000000000000000000000000000000000000000000000000000000000000000000000000000000000000000000000000000000000000000000000000000000000000000>, C4<0000000000000000000000000000000000000000000000000000000000000000000000000000000000000000000000000000000000000000000000000000000000000000000000000000000000000000000000000000000000000000000000000000000000000000000000000000000000000000000000000000000000000000>;
v0x5ae966c6c980_0 .net *"_ivl_0", 31 0, L_0x5ae966c80d10;  1 drivers
L_0x7794d5556258 .functor BUFT 1, C4<00000000000000000000000000>, C4<0>, C4<0>, C4<0>;
v0x5ae966c6ca60_0 .net *"_ivl_11", 25 0, L_0x7794d5556258;  1 drivers
L_0x7794d55562a0 .functor BUFT 1, C4<00000000000000000000000000000000>, C4<0>, C4<0>, C4<0>;
v0x5ae966c6cb40_0 .net/2u *"_ivl_12", 31 0, L_0x7794d55562a0;  1 drivers
v0x5ae966c6cc30_0 .net *"_ivl_16", 255 0, L_0x5ae966c811c0;  1 drivers
v0x5ae966c6cd10_0 .net *"_ivl_18", 6 0, L_0x5ae966c81260;  1 drivers
L_0x7794d55562e8 .functor BUFT 1, C4<00>, C4<0>, C4<0>, C4<0>;
v0x5ae966c6ce40_0 .net *"_ivl_21", 1 0, L_0x7794d55562e8;  1 drivers
L_0x7794d55561c8 .functor BUFT 1, C4<00000000000000000000000000>, C4<0>, C4<0>, C4<0>;
v0x5ae966c6cf20_0 .net *"_ivl_3", 25 0, L_0x7794d55561c8;  1 drivers
L_0x7794d5556210 .functor BUFT 1, C4<00000000000000000000000000100000>, C4<0>, C4<0>, C4<0>;
v0x5ae966c6d000_0 .net/2u *"_ivl_4", 31 0, L_0x7794d5556210;  1 drivers
v0x5ae966c6d0e0_0 .net *"_ivl_8", 31 0, L_0x5ae966c80f90;  1 drivers
v0x5ae966c6d1c0_0 .net "clk", 0 0, o0x7794d559f1c8;  alias, 0 drivers
v0x5ae966c6d260_0 .var "count", 5 0;
v0x5ae966c6d320_0 .net "din", 255 0, o0x7794d559f768;  alias, 0 drivers
v0x5ae966c6d400_0 .net "dout", 255 0, L_0x5ae966c4b930;  alias, 1 drivers
v0x5ae966c6d4e0_0 .net "empty", 0 0, L_0x5ae966c81080;  alias, 1 drivers
v0x5ae966c6d5a0_0 .net "full", 0 0, L_0x5ae966c80e50;  1 drivers
v0x5ae966c6d660_0 .var/i "i", 31 0;
v0x5ae966c6d740 .array "ram", 31 0, 255 0;
v0x5ae966c6d910_0 .net "rd_en", 0 0, v0x5ae966c6f830_0;  1 drivers
v0x5ae966c6d9d0_0 .var "rd_ptr", 4 0;
v0x5ae966c6dab0_0 .net "rst_n", 0 0, o0x7794d559f3a8;  alias, 0 drivers
v0x5ae966c6db80_0 .net "wr_en", 0 0, L_0x5ae966c81480;  1 drivers
v0x5ae966c6dc20_0 .var "wr_ptr", 4 0;
L_0x5ae966c80d10 .concat [ 6 26 0 0], v0x5ae966c6d260_0, L_0x7794d55561c8;
L_0x5ae966c80e50 .cmp/eq 32, L_0x5ae966c80d10, L_0x7794d5556210;
L_0x5ae966c80f90 .concat [ 6 26 0 0], v0x5ae966c6d260_0, L_0x7794d5556258;
L_0x5ae966c81080 .cmp/eq 32, L_0x5ae966c80f90, L_0x7794d55562a0;
L_0x5ae966c811c0 .array/port v0x5ae966c6d740, L_0x5ae966c81260;
L_0x5ae966c81260 .concat [ 5 2 0 0], v0x5ae966c6d9d0_0, L_0x7794d55562e8;
    .scope S_0x5ae966c2b270;
T_0 ;
    %pushi/vec4 0, 0, 32;
    %store/vec4 v0x5ae966c6bed0_0, 0, 32;
T_0.0 ;
    %load/vec4 v0x5ae966c6bed0_0;
    %cmpi/s 8, 0, 32;
    %jmp/0xz T_0.1, 5;
    %pushi/vec4 0, 0, 32;
    %ix/getv/s 4, v0x5ae966c6bed0_0;
    %store/vec4a v0x5ae966c6bfb0, 4, 0;
    %load/vec4 v0x5ae966c6bed0_0;
    %addi 1, 0, 32;
    %store/vec4 v0x5ae966c6bed0_0, 0, 32;
    %jmp T_0.0;
T_0.1 ;
    %end;
    .thread T_0;
    .scope S_0x5ae966c2b270;
T_1 ;
    %wait E_0x5ae966c25fd0;
    %load/vec4 v0x5ae966c6c210_0;
    %nor/r;
    %flag_set/vec4 8;
    %jmp/0xz  T_1.0, 8;
    %pushi/vec4 0, 0, 3;
    %assign/vec4 v0x5ae966c6c2d0_0, 0;
    %pushi/vec4 0, 0, 3;
    %assign/vec4 v0x5ae966c6c130_0, 0;
    %pushi/vec4 0, 0, 4;
    %assign/vec4 v0x5ae966c6b9f0_0, 0;
    %jmp T_1.1;
T_1.0 ;
    %load/vec4 v0x5ae966c6bc70_0;
    %load/vec4 v0x5ae966c6bbb0_0;
    %and;
    %flag_set/vec4 8;
    %jmp/0xz  T_1.2, 8;
    %load/vec4 v0x5ae966c6c2d0_0;
    %pad/u 32;
    %addi 1, 0, 32;
    %load/vec4 v0x5ae966c6c2d0_0;
    %pad/u 5;
    %ix/vec4 3;
    %ix/load 4, 0, 0; Constant delay
    %assign/vec4/a/d v0x5ae966c6bfb0, 0, 4;
    %load/vec4 v0x5ae966c6bad0_0;
    %load/vec4 v0x5ae966c6c2d0_0;
    %pad/u 5;
    %ix/vec4 3;
    %ix/load 4, 0, 0; Constant delay
    %assign/vec4/a/d v0x5ae966c6bfb0, 0, 4;
    %load/vec4 v0x5ae966c6c2d0_0;
    %addi 1, 0, 3;
    %assign/vec4 v0x5ae966c6c2d0_0, 0;
T_1.2 ;
    %load/vec4 v0x5ae966c6c070_0;
    %load/vec4 v0x5ae966c6be10_0;
    %nor/r;
    %and;
    %flag_set/vec4 8;
    %jmp/0xz  T_1.4, 8;
    %load/vec4 v0x5ae966c6c130_0;
    %addi 1, 0, 3;
    %assign/vec4 v0x5ae966c6c130_0, 0;
T_1.4 ;
    %load/vec4 v0x5ae966c6bc70_0;
    %load/vec4 v0x5ae966c6bbb0_0;
    %and;
    %load/vec4 v0x5ae966c6c070_0;
    %load/vec4 v0x5ae966c6be10_0;
    %nor/r;
    %and;
    %concat/vec4; draw_concat_vec4
    %dup/vec4;
    %pushi/vec4 2, 0, 2;
    %cmp/u;
    %jmp/1 T_1.6, 6;
    %dup/vec4;
    %pushi/vec4 1, 0, 2;
    %cmp/u;
    %jmp/1 T_1.7, 6;
    %jmp T_1.9;
T_1.6 ;
    %load/vec4 v0x5ae966c6b9f0_0;
    %addi 1, 0, 4;
    %assign/vec4 v0x5ae966c6b9f0_0, 0;
    %jmp T_1.9;
T_1.7 ;
    %load/vec4 v0x5ae966c6b9f0_0;
    %subi 1, 0, 4;
    %assign/vec4 v0x5ae966c6b9f0_0, 0;
    %jmp T_1.9;
T_1.9 ;
    %pop/vec4 1;
T_1.1 ;
    %jmp T_1;
    .thread T_1;
    .scope S_0x5ae966c6c4b0;
T_2 ;
    %pushi/vec4 0, 0, 32;
    %store/vec4 v0x5ae966c6d660_0, 0, 32;
T_2.0 ;
    %load/vec4 v0x5ae966c6d660_0;
    %cmpi/s 32, 0, 32;
    %jmp/0xz T_2.1, 5;
    %pushi/vec4 0, 0, 256;
    %ix/getv/s 4, v0x5ae966c6d660_0;
    %store/vec4a v0x5ae966c6d740, 4, 0;
    %load/vec4 v0x5ae966c6d660_0;
    %addi 1, 0, 32;
    %store/vec4 v0x5ae966c6d660_0, 0, 32;
    %jmp T_2.0;
T_2.1 ;
    %end;
    .thread T_2;
    .scope S_0x5ae966c6c4b0;
T_3 ;
    %wait E_0x5ae966c25fd0;
    %load/vec4 v0x5ae966c6dab0_0;
    %nor/r;
    %flag_set/vec4 8;
    %jmp/0xz  T_3.0, 8;
    %pushi/vec4 0, 0, 5;
    %assign/vec4 v0x5ae966c6dc20_0, 0;
    %pushi/vec4 0, 0, 5;
    %assign/vec4 v0x5ae966c6d9d0_0, 0;
    %pushi/vec4 0, 0, 6;
    %assign/vec4 v0x5ae966c6d260_0, 0;
    %jmp T_3.1;
T_3.0 ;
    %load/vec4 v0x5ae966c6db80_0;
    %load/vec4 v0x5ae966c6d5a0_0;
    %nor/r;
    %and;
    %flag_set/vec4 8;
    %jmp/0xz  T_3.2, 8;
    %load/vec4 v0x5ae966c6d320_0;
    %load/vec4 v0x5ae966c6dc20_0;
    %pad/u 7;
    %ix/vec4 3;
    %ix/load 4, 0, 0; Constant delay
    %assign/vec4/a/d v0x5ae966c6d740, 0, 4;
    %load/vec4 v0x5ae966c6dc20_0;
    %addi 1, 0, 5;
    %assign/vec4 v0x5ae966c6dc20_0, 0;
T_3.2 ;
    %load/vec4 v0x5ae966c6d910_0;
    %load/vec4 v0x5ae966c6d4e0_0;
    %nor/r;
    %and;
    %flag_set/vec4 8;
    %jmp/0xz  T_3.4, 8;
    %load/vec4 v0x5ae966c6d9d0_0;
    %addi 1, 0, 5;
    %assign/vec4 v0x5ae966c6d9d0_0, 0;
T_3.4 ;
    %load/vec4 v0x5ae966c6db80_0;
    %load/vec4 v0x5ae966c6d5a0_0;
    %nor/r;
    %and;
    %load/vec4 v0x5ae966c6d910_0;
    %load/vec4 v0x5ae966c6d4e0_0;
    %nor/r;
    %and;
    %concat/vec4; draw_concat_vec4
    %dup/vec4;
    %pushi/vec4 2, 0, 2;
    %cmp/u;
    %jmp/1 T_3.6, 6;
    %dup/vec4;
    %pushi/vec4 1, 0, 2;
    %cmp/u;
    %jmp/1 T_3.7, 6;
    %jmp T_3.9;
T_3.6 ;
    %load/vec4 v0x5ae966c6d260_0;
    %addi 1, 0, 6;
    %assign/vec4 v0x5ae966c6d260_0, 0;
    %jmp T_3.9;
T_3.7 ;
    %load/vec4 v0x5ae966c6d260_0;
    %subi 1, 0, 6;
    %assign/vec4 v0x5ae966c6d260_0, 0;
    %jmp T_3.9;
T_3.9 ;
    %pop/vec4 1;
T_3.1 ;
    %jmp T_3;
    .thread T_3;
    .scope S_0x5ae966be3cf0;
T_4 ;
    %wait E_0x5ae966c25fd0;
    %load/vec4 v0x5ae966c6fc70_0;
    %nor/r;
    %flag_set/vec4 8;
    %jmp/0xz  T_4.0, 8;
    %pushi/vec4 0, 0, 3;
    %assign/vec4 v0x5ae966c6f0f0_0, 0;
    %pushi/vec4 0, 0, 1;
    %assign/vec4 v0x5ae966c6e270_0, 0;
    %pushi/vec4 0, 0, 32;
    %assign/vec4 v0x5ae966c6fbb0_0, 0;
    %pushi/vec4 0, 0, 8;
    %assign/vec4 v0x5ae966c6e4e0_0, 0;
    %pushi/vec4 0, 0, 1;
    %assign/vec4 v0x5ae966c6f390_0, 0;
    %pushi/vec4 0, 0, 1;
    %assign/vec4 v0x5ae966c6e420_0, 0;
    %pushi/vec4 0, 0, 64;
    %assign/vec4 v0x5ae966c6e6a0_0, 0;
    %jmp T_4.1;
T_4.0 ;
    %pushi/vec4 0, 0, 1;
    %assign/vec4 v0x5ae966c6f390_0, 0;
    %load/vec4 v0x5ae966c6f0f0_0;
    %dup/vec4;
    %pushi/vec4 0, 0, 3;
    %cmp/u;
    %jmp/1 T_4.2, 6;
    %dup/vec4;
    %pushi/vec4 1, 0, 3;
    %cmp/u;
    %jmp/1 T_4.3, 6;
    %dup/vec4;
    %pushi/vec4 2, 0, 3;
    %cmp/u;
    %jmp/1 T_4.4, 6;
    %dup/vec4;
    %pushi/vec4 3, 0, 3;
    %cmp/u;
    %jmp/1 T_4.5, 6;
    %jmp T_4.6;
T_4.2 ;
    %load/vec4 v0x5ae966c6fdf0_0;
    %flag_set/vec4 8;
    %jmp/0xz  T_4.7, 8;
    %pushi/vec4 1, 0, 1;
    %assign/vec4 v0x5ae966c6e270_0, 0;
    %pushi/vec4 0, 0, 32;
    %assign/vec4 v0x5ae966c6fbb0_0, 0;
    %load/vec4 v0x5ae966c6f500_0;
    %cmpi/e 1, 0, 2;
    %flag_mov 8, 4;
    %jmp/0 T_4.9, 8;
    %pushi/vec4 1, 0, 32;
    %jmp/1 T_4.10, 8;
T_4.9 ; End of true expr.
    %pushi/vec4 0, 0, 32;
    %jmp/0 T_4.10, 8;
 ; End of false expr.
    %blend;
T_4.10;
    %pad/s 3;
    %assign/vec4 v0x5ae966c6f0f0_0, 0;
T_4.7 ;
    %jmp T_4.6;
T_4.3 ;
    %pushi/vec4 0, 0, 8;
    %assign/vec4 v0x5ae966c6e4e0_0, 0;
    %load/vec4 v0x5ae966c6f2c0_0;
    %nor/r;
    %flag_set/vec4 8;
    %jmp/0xz  T_4.11, 8;
    %load/vec4 v0x5ae966c6f1d0_0;
    %assign/vec4 v0x5ae966c6fd10_0, 0;
    %pushi/vec4 1, 0, 1;
    %assign/vec4 v0x5ae966c6f390_0, 0;
    %pushi/vec4 2, 0, 3;
    %assign/vec4 v0x5ae966c6f0f0_0, 0;
T_4.11 ;
    %jmp T_4.6;
T_4.4 ;
    %load/vec4 v0x5ae966c6f2c0_0;
    %nor/r;
    %flag_set/vec4 8;
    %jmp/0xz  T_4.13, 8;
    %load/vec4 v0x5ae966c6f1d0_0;
    %load/vec4 v0x5ae966c6fd10_0;
    %concat/vec4; draw_concat_vec4
    %assign/vec4 v0x5ae966c6e6a0_0, 0;
    %pushi/vec4 255, 0, 8;
    %assign/vec4 v0x5ae966c6e4e0_0, 0;
    %pushi/vec4 1, 0, 1;
    %assign/vec4 v0x5ae966c6f390_0, 0;
    %load/vec4 v0x5ae966c6fbb0_0;
    %addi 1, 0, 32;
    %assign/vec4 v0x5ae966c6fbb0_0, 0;
    %load/vec4 v0x5ae966c6fbb0_0;
    %load/vec4 v0x5ae966c6ff90_0;
    %subi 1, 0, 32;
    %cmp/e;
    %jmp/0xz  T_4.15, 4;
    %pushi/vec4 3, 0, 3;
    %assign/vec4 v0x5ae966c6f0f0_0, 0;
    %jmp T_4.16;
T_4.15 ;
    %pushi/vec4 1, 0, 3;
    %assign/vec4 v0x5ae966c6f0f0_0, 0;
T_4.16 ;
    %jmp T_4.14;
T_4.13 ;
    %pushi/vec4 0, 0, 8;
    %assign/vec4 v0x5ae966c6e4e0_0, 0;
T_4.14 ;
    %jmp T_4.6;
T_4.5 ;
    %pushi/vec4 0, 0, 8;
    %assign/vec4 v0x5ae966c6e4e0_0, 0;
    %load/vec4 v0x5ae966c6ef50_0;
    %flag_set/vec4 8;
    %jmp/0xz  T_4.17, 8;
    %pushi/vec4 0, 0, 1;
    %assign/vec4 v0x5ae966c6e270_0, 0;
    %pushi/vec4 0, 0, 3;
    %assign/vec4 v0x5ae966c6f0f0_0, 0;
T_4.17 ;
    %jmp T_4.6;
T_4.6 ;
    %pop/vec4 1;
T_4.1 ;
    %jmp T_4;
    .thread T_4;
    .scope S_0x5ae966be3cf0;
T_5 ;
    %wait E_0x5ae966c25fd0;
    %load/vec4 v0x5ae966c6fc70_0;
    %nor/r;
    %flag_set/vec4 8;
    %jmp/0xz  T_5.0, 8;
    %pushi/vec4 0, 0, 2;
    %assign/vec4 v0x5ae966c6e920_0, 0;
    %pushi/vec4 0, 0, 1;
    %assign/vec4 v0x5ae966c6ef50_0, 0;
    %pushi/vec4 0, 0, 32;
    %assign/vec4 v0x5ae966c6f900_0, 0;
    %pushi/vec4 0, 0, 1;
    %assign/vec4 v0x5ae966c6ee90_0, 0;
    %pushi/vec4 0, 0, 32;
    %assign/vec4 v0x5ae966c6ed50_0, 0;
    %pushi/vec4 0, 0, 4;
    %assign/vec4 v0x5ae966c6feb0_0, 0;
    %pushi/vec4 0, 0, 1;
    %assign/vec4 v0x5ae966c6f830_0, 0;
    %pushi/vec4 0, 0, 8;
    %assign/vec4 v0x5ae966c6f010_0, 0;
    %jmp T_5.1;
T_5.0 ;
    %pushi/vec4 0, 0, 1;
    %assign/vec4 v0x5ae966c6f830_0, 0;
    %load/vec4 v0x5ae966c6e920_0;
    %dup/vec4;
    %pushi/vec4 0, 0, 2;
    %cmp/u;
    %jmp/1 T_5.2, 6;
    %dup/vec4;
    %pushi/vec4 1, 0, 2;
    %cmp/u;
    %jmp/1 T_5.3, 6;
    %dup/vec4;
    %pushi/vec4 2, 0, 2;
    %cmp/u;
    %jmp/1 T_5.4, 6;
    %jmp T_5.5;
T_5.2 ;
    %pushi/vec4 0, 0, 1;
    %assign/vec4 v0x5ae966c6ef50_0, 0;
    %load/vec4 v0x5ae966c6fdf0_0;
    %flag_set/vec4 8;
    %jmp/0xz  T_5.6, 8;
    %pushi/vec4 0, 0, 32;
    %assign/vec4 v0x5ae966c6f900_0, 0;
    %pushi/vec4 1, 0, 2;
    %assign/vec4 v0x5ae966c6e920_0, 0;
T_5.6 ;
    %jmp T_5.5;
T_5.3 ;
    %load/vec4 v0x5ae966c6f760_0;
    %nor/r;
    %flag_set/vec4 8;
    %jmp/0xz  T_5.8, 8;
    %pushi/vec4 2, 0, 2;
    %assign/vec4 v0x5ae966c6e920_0, 0;
    %pushi/vec4 0, 0, 4;
    %assign/vec4 v0x5ae966c6feb0_0, 0;
    %jmp T_5.9;
T_5.8 ;
    %load/vec4 v0x5ae966c6f0f0_0;
    %pad/u 32;
    %pushi/vec4 3, 0, 32;
    %cmp/e;
    %flag_get/vec4 4;
    %load/vec4 v0x5ae966c6f900_0;
    %load/vec4 v0x5ae966c6ff90_0;
    %cmp/e;
    %flag_get/vec4 4;
    %and;
    %flag_set/vec4 8;
    %jmp/0xz  T_5.10, 8;
    %load/vec4 v0x5ae966c6f010_0;
    %cmpi/e 100, 0, 8;
    %jmp/0xz  T_5.12, 4;
    %pushi/vec4 1, 0, 1;
    %assign/vec4 v0x5ae966c6ef50_0, 0;
    %jmp T_5.13;
T_5.12 ;
    %load/vec4 v0x5ae966c6f010_0;
    %addi 1, 0, 8;
    %assign/vec4 v0x5ae966c6f010_0, 0;
T_5.13 ;
T_5.10 ;
T_5.9 ;
    %jmp T_5.5;
T_5.4 ;
    %pushi/vec4 1, 0, 1;
    %assign/vec4 v0x5ae966c6ee90_0, 0;
    %load/vec4 v0x5ae966c6f690_0;
    %load/vec4 v0x5ae966c6feb0_0;
    %pad/u 32;
    %muli 32, 0, 32;
    %part/u 32;
    %assign/vec4 v0x5ae966c6ed50_0, 0;
    %load/vec4 v0x5ae966c6edf0_0;
    %flag_set/vec4 8;
    %jmp/0xz  T_5.14, 8;
    %load/vec4 v0x5ae966c6feb0_0;
    %pad/u 32;
    %cmpi/e 7, 0, 32;
    %jmp/0xz  T_5.16, 4;
    %pushi/vec4 0, 0, 1;
    %assign/vec4 v0x5ae966c6ee90_0, 0;
    %load/vec4 v0x5ae966c6f900_0;
    %addi 1, 0, 32;
    %assign/vec4 v0x5ae966c6f900_0, 0;
    %pushi/vec4 1, 0, 1;
    %assign/vec4 v0x5ae966c6f830_0, 0;
    %pushi/vec4 1, 0, 2;
    %assign/vec4 v0x5ae966c6e920_0, 0;
    %jmp T_5.17;
T_5.16 ;
    %load/vec4 v0x5ae966c6feb0_0;
    %addi 1, 0, 4;
    %assign/vec4 v0x5ae966c6feb0_0, 0;
T_5.17 ;
T_5.14 ;
    %jmp T_5.5;
T_5.5 ;
    %pop/vec4 1;
    %load/vec4 v0x5ae966c6ef50_0;
    %flag_set/vec4 8;
    %jmp/0xz  T_5.18, 8;
    %pushi/vec4 0, 0, 2;
    %assign/vec4 v0x5ae966c6e920_0, 0;
T_5.18 ;
T_5.1 ;
    %jmp T_5;
    .thread T_5;
    .scope S_0x5ae966be3cf0;
T_6 ;
    %wait E_0x5ae966c24560;
    %load/vec4 v0x5ae966c70070_0;
    %flag_set/vec4 8;
    %jmp/0xz  T_6.0, 8;
    %vpi_call/w 3 228 "$display", "[%0d] RTL_WR: row_data=%h", $time, &PV<v0x5ae966c6e860_0, 0, 32> {0 0 0};
T_6.0 ;
    %load/vec4 v0x5ae966c6f460_0;
    %flag_set/vec4 8;
    %jmp/0xz  T_6.2, 8;
    %vpi_call/w 3 229 "$display", "[%0d] RTL_FED: row=%0d data=%h", $time, v0x5ae966c6fbb0_0, v0x5ae966c6e6a0_0 {0 0 0};
T_6.2 ;
    %jmp T_6;
    .thread T_6;
# The file index is used to find the file name in the following table.
:file_names 4;
    "N/A";
    "<interactive>";
    "-";
    "rtl/npu_sequencer.v";
